/Users/ben/Desktop/ci17/swift_tutorial/app/simulate: line 104: read: `seed.out': not a valid identifier

Called as: /Users/ben/Desktop/ci17/swift_tutorial/app/simulate: -t 1 -r 100 -B bias_9.out -x 1000000 -n 10 -S seed.out

Start time: Wed Aug 30 17:02:43 CDT 2017
Running as user: uid=501(ben) gid=20(staff) groups=20(staff),12(everyone),61(localaccounts),79(_appserverusr),80(admin),81(_appserveradm),98(_lpadmin),701(com.apple.sharepoint.group.1),501(access_bpf),702(com.apple.sharepoint.group.2),33(_appstore),100(_lpoperator),204(_developer),395(com.apple.access_ftp),398(com.apple.access_screensharing),399(com.apple.access_ssh)
Running on node: benbox
Node IP address: /bin/hostname: illegal option -- I
usage: hostname [-fs] [name-of-host]

Simulation parameters:

bias=0
biasfile=bias_9.out
initseed=none
log=yes
paramfile=none
range=100
scale=1000000
seedfile=seed.out
timesteps=1
output width=8

Environment:

Apple_PubSub_Socket_Render=/private/tmp/com.apple.launchd.TnrVkCycSw/Render
HISTIGNORE=&:ls:[bf]g:exit
HOME=/Users/ben
LANG=en_US.UTF-8
LOGNAME=ben
MANPATH=/opt/local/share/man:
PATH=/Users/ben/Desktop/ci17/swift_tutorial/app/:/opt/local/bin:/opt/local/sbin:/usr/local/bin:/usr/bin:/bin:/usr/sbin:/sbin:/usr/local/opt/tcl-tk/bin:/opt/metasploit-framework/bin:/Library/TeX/texbin:/Applications/Wireshark.app/Contents/MacOS:/Applications/pentesting/john:/Applications/pentesting/hashcat:/usr/local/sbin
PWD=/Users/ben/Desktop/ci17/swift_tutorial/p6
SHELL=/bin/bash
SHLVL=3
SSH_AUTH_SOCK=/private/tmp/com.apple.launchd.xPcGLKTCnx/Listeners
TERM=xterm-256color
TERM_PROGRAM=Apple_Terminal
TERM_PROGRAM_VERSION=388.1
TERM_SESSION_ID=226B07F1-7DB9-4961-8023-0FBC8D3C8984
TMPDIR=/var/folders/qz/41nw0z1j1xl9mhb0cpfpgz_w0000gn/T/
USER=ben
XPC_FLAGS=0x0
XPC_SERVICE_NAME=0
_=/usr/bin/printenv
__CF_USER_TEXT_ENCODING=0x1F5:0x0:0x0
__PYVENV_LAUNCHER__=/usr/local/bin/python3
bastion=benglick@bastion.turingcompute.net
siteservice=ubuntu@34.203.217.232
slackbot=ubuntu@ec2-34-211-26-13.us-west-2.compute.amazonaws.com
