
Called as: /Users/ben/Desktop/ci17/swift_tutorial/app/simulate: -r 1000 -n 20

Start time: Tue Sep  5 19:01:17 PDT 2017
Running as user: uid=501(ben) gid=20(staff) groups=20(staff),12(everyone),61(localaccounts),79(_appserverusr),80(admin),81(_appserveradm),98(_lpadmin),701(com.apple.sharepoint.group.1),501(access_bpf),702(com.apple.sharepoint.group.2),33(_appstore),100(_lpoperator),204(_developer),395(com.apple.access_ftp),398(com.apple.access_screensharing),399(com.apple.access_ssh)
Running on node: benbox
Node IP address: /bin/hostname: illegal option -- I
usage: hostname [-fs] [name-of-host]

Simulation parameters:

bias=0
biasfile=none
initseed=none
log=yes
paramfile=none
range=1000
scale=1
seedfile=none
timesteps=0
output width=8

Environment:

Apple_PubSub_Socket_Render=/private/tmp/com.apple.launchd.TnrVkCycSw/Render
HISTIGNORE=&:ls:[bf]g:exit
HOME=/Users/ben
LANG=en_US.UTF-8
LOGNAME=ben
MANPATH=/opt/local/share/man:
PATH=/opt/local/bin:/opt/local/sbin:/FPT/:/Users/ben/Desktop/ci17/swift_tutorial/app:/opt/local/bin:/opt/local/sbin:/usr/local/bin:/usr/bin:/bin:/usr/sbin:/sbin:/usr/local/opt/tcl-tk/bin:/opt/metasploit-framework/bin:/Library/TeX/texbin:/Applications/Wireshark.app/Contents/MacOS:/Applications/pentesting/john:/Applications/pentesting/hashcat:/usr/local/sbin
PWD=/Users/ben/Desktop/ci17/swift_tutorial/p6
SHELL=/bin/bash
SHLVL=3
SSH_AUTH_SOCK=/private/tmp/com.apple.launchd.xPcGLKTCnx/Listeners
TERM=xterm-256color
TERM_PROGRAM=Apple_Terminal
TERM_PROGRAM_VERSION=388.1
TERM_SESSION_ID=7FA72493-29F1-47F1-BA1A-E7B21CAF079F
TMPDIR=/var/folders/qz/41nw0z1j1xl9mhb0cpfpgz_w0000gn/T/
USER=ben
XPC_FLAGS=0x0
XPC_SERVICE_NAME=0
_=/usr/bin/printenv
__CF_USER_TEXT_ENCODING=0x1F5:0x0:0x0
__PYVENV_LAUNCHER__=/usr/local/bin/python3
bastion=benglick@bastion.turingcompute.net
siteservice=ubuntu@34.203.217.232
slackbot=ubuntu@ec2-34-211-26-13.us-west-2.compute.amazonaws.com
